<?xml version="1.0" encoding="UTF-8"?>
<testng-results ignored="0" total="3" passed="2" failed="1" skipped="0">
  <reporter-output>
    <line>
      <![CDATA[DB connection, Report generation]]>
    </line>
    <line>
      <![CDATA[Pre condition]]>
    </line>
    <line>
      <![CDATA[Pre condition]]>
    </line>
    <line>
      <![CDATA[Pre condition]]>
    </line>
    <line>
      <![CDATA[Opening browser]]>
    </line>
    <line>
      <![CDATA[Opening browser]]>
    </line>
    <line>
      <![CDATA[Opening browser]]>
    </line>
    <line>
      <![CDATA[Login]]>
    </line>
    <line>
      <![CDATA[Login]]>
    </line>
    <line>
      <![CDATA[Login]]>
    </line>
    <line>
      <![CDATA[Logout]]>
    </line>
    <line>
      <![CDATA[close browser]]>
    </line>
    <line>
      <![CDATA[Post condition]]>
    </line>
    <line>
      <![CDATA[Logout]]>
    </line>
    <line>
      <![CDATA[Logout]]>
    </line>
    <line>
      <![CDATA[close browser]]>
    </line>
    <line>
      <![CDATA[Post condition]]>
    </line>
    <line>
      <![CDATA[close browser]]>
    </line>
    <line>
      <![CDATA[Post condition]]>
    </line>
    <line>
      <![CDATA[DB close, Report backup]]>
    </line>
  </reporter-output>
  <suite started-at="2025-07-21T14:53:24 IST" name="Suite" finished-at="2025-07-21T14:54:45 IST" duration-ms="81650">
    <groups>
    </groups>
    <test started-at="2025-07-21T14:53:24 IST" name="Test" finished-at="2025-07-21T14:54:32 IST" duration-ms="68442">
      <class name="organization.CreateOrgTest">
        <test-method is-config="true" signature="btest()[pri:0, instance:organization.CreateOrgTest@4145bad8]" started-at="2025-07-21T14:53:24 IST" name="btest" finished-at="2025-07-21T14:53:24 IST" duration-ms="0" status="PASS">
          <reporter-output>
            <line>
              <![CDATA[Pre condition]]>
            </line>
          </reporter-output>
        </test-method> <!-- btest -->
        <test-method is-config="true" signature="bclass()[pri:0, instance:organization.CreateOrgTest@4145bad8]" started-at="2025-07-21T14:53:24 IST" name="bclass" finished-at="2025-07-21T14:53:40 IST" duration-ms="16617" status="PASS">
          <reporter-output>
            <line>
              <![CDATA[Opening browser]]>
            </line>
          </reporter-output>
        </test-method> <!-- bclass -->
        <test-method is-config="true" signature="bmethod()[pri:0, instance:organization.CreateOrgTest@4145bad8]" started-at="2025-07-21T14:53:40 IST" name="bmethod" finished-at="2025-07-21T14:53:45 IST" duration-ms="5171" status="PASS">
          <reporter-output>
            <line>
              <![CDATA[Login]]>
            </line>
          </reporter-output>
        </test-method> <!-- bmethod -->
        <test-method signature="createOrgTest()[pri:0, instance:organization.CreateOrgTest@4145bad8]" started-at="2025-07-21T14:53:45 IST" name="createOrgTest" finished-at="2025-07-21T14:54:28 IST" duration-ms="42408" status="PASS">
          <reporter-output>
          </reporter-output>
        </test-method> <!-- createOrgTest -->
        <test-method is-config="true" signature="amethod()[pri:0, instance:organization.CreateOrgTest@4145bad8]" started-at="2025-07-21T14:54:28 IST" name="amethod" finished-at="2025-07-21T14:54:31 IST" duration-ms="3571" status="PASS">
          <reporter-output>
            <line>
              <![CDATA[Logout]]>
            </line>
          </reporter-output>
        </test-method> <!-- amethod -->
        <test-method is-config="true" signature="aclass()[pri:0, instance:organization.CreateOrgTest@4145bad8]" started-at="2025-07-21T14:54:31 IST" name="aclass" finished-at="2025-07-21T14:54:32 IST" duration-ms="627" status="PASS">
          <reporter-output>
            <line>
              <![CDATA[close browser]]>
            </line>
          </reporter-output>
        </test-method> <!-- aclass -->
        <test-method is-config="true" signature="atest()[pri:0, instance:organization.CreateOrgTest@4145bad8]" started-at="2025-07-21T14:54:32 IST" name="atest" finished-at="2025-07-21T14:54:32 IST" duration-ms="13" status="PASS">
          <reporter-output>
            <line>
              <![CDATA[Post condition]]>
            </line>
          </reporter-output>
        </test-method> <!-- atest -->
      </class> <!-- organization.CreateOrgTest -->
    </test> <!-- Test -->
    <test started-at="2025-07-21T14:53:24 IST" name="Test2" finished-at="2025-07-21T14:54:44 IST" duration-ms="80064">
      <class name="organization.CreateOrgWithIndTest">
        <test-method is-config="true" signature="bsuite()[pri:0, instance:organization.CreateOrgWithIndTest@548d708a]" started-at="2025-07-21T14:53:24 IST" name="bsuite" finished-at="2025-07-21T14:53:24 IST" duration-ms="8" status="PASS">
          <reporter-output>
            <line>
              <![CDATA[DB connection, Report generation]]>
            </line>
          </reporter-output>
        </test-method> <!-- bsuite -->
        <test-method is-config="true" signature="btest()[pri:0, instance:organization.CreateOrgWithIndTest@548d708a]" started-at="2025-07-21T14:53:24 IST" name="btest" finished-at="2025-07-21T14:53:24 IST" duration-ms="0" status="PASS">
          <reporter-output>
            <line>
              <![CDATA[Pre condition]]>
            </line>
          </reporter-output>
        </test-method> <!-- btest -->
        <test-method is-config="true" signature="bclass()[pri:0, instance:organization.CreateOrgWithIndTest@548d708a]" started-at="2025-07-21T14:53:24 IST" name="bclass" finished-at="2025-07-21T14:53:40 IST" duration-ms="16314" status="PASS">
          <reporter-output>
            <line>
              <![CDATA[Opening browser]]>
            </line>
          </reporter-output>
        </test-method> <!-- bclass -->
        <test-method is-config="true" signature="bmethod()[pri:0, instance:organization.CreateOrgWithIndTest@548d708a]" started-at="2025-07-21T14:53:40 IST" name="bmethod" finished-at="2025-07-21T14:53:45 IST" duration-ms="5396" status="PASS">
          <reporter-output>
            <line>
              <![CDATA[Login]]>
            </line>
          </reporter-output>
        </test-method> <!-- bmethod -->
        <test-method signature="createOrgWithIndTest()[pri:0, instance:organization.CreateOrgWithIndTest@548d708a]" started-at="2025-07-21T14:53:45 IST" name="createOrgWithIndTest" finished-at="2025-07-21T14:54:41 IST" duration-ms="55365" status="FAIL">
          <exception class="org.openqa.selenium.NoSuchElementException">
            <message>
              <![CDATA[no such element: Unable to locate element: {"method":"link text","selector":"Qspiders115"}
  (Session info: chrome=138.0.7204.158)
For documentation on this error, please visit: https://www.selenium.dev/documentation/webdriver/troubleshooting/errors#no-such-element-exception
Build info: version: '4.22.0', revision: 'c5f3146703*'
System info: os.name: 'Windows 11', os.arch: 'amd64', os.version: '10.0', java.version: '21.0.3'
Driver info: org.openqa.selenium.chrome.ChromeDriver
Command: [0203d13b6b3fe542a263aa820444e35f, findElement {value=Qspiders115, using=link text}]
Capabilities {acceptInsecureCerts: false, browserName: chrome, browserVersion: 138.0.7204.158, chrome: {chromedriverVersion: 138.0.7204.157 (e533e98b126..., userDataDir: C:\Users\HP\AppData\Local\T...}, fedcm:accounts: true, goog:chromeOptions: {debuggerAddress: localhost:60295}, networkConnectionEnabled: false, pageLoadStrategy: normal, platformName: windows, proxy: Proxy(), se:cdp: ws://localhost:60295/devtoo..., se:cdpVersion: 138.0.7204.158, setWindowRect: true, strictFileInteractability: false, timeouts: {implicit: 0, pageLoad: 300000, script: 30000}, unhandledPromptBehavior: dismiss and notify, webauthn:extension:credBlob: true, webauthn:extension:largeBlob: true, webauthn:extension:minPinLength: true, webauthn:extension:prf: true, webauthn:virtualAuthenticators: true}
Session ID: 0203d13b6b3fe542a263aa820444e35f]]>
            </message>
            <full-stacktrace>
              <![CDATA[org.openqa.selenium.NoSuchElementException: no such element: Unable to locate element: {"method":"link text","selector":"Qspiders115"}
  (Session info: chrome=138.0.7204.158)
For documentation on this error, please visit: https://www.selenium.dev/documentation/webdriver/troubleshooting/errors#no-such-element-exception
Build info: version: '4.22.0', revision: 'c5f3146703*'
System info: os.name: 'Windows 11', os.arch: 'amd64', os.version: '10.0', java.version: '21.0.3'
Driver info: org.openqa.selenium.chrome.ChromeDriver
Command: [0203d13b6b3fe542a263aa820444e35f, findElement {value=Qspiders115, using=link text}]
Capabilities {acceptInsecureCerts: false, browserName: chrome, browserVersion: 138.0.7204.158, chrome: {chromedriverVersion: 138.0.7204.157 (e533e98b126..., userDataDir: C:\Users\HP\AppData\Local\T...}, fedcm:accounts: true, goog:chromeOptions: {debuggerAddress: localhost:60295}, networkConnectionEnabled: false, pageLoadStrategy: normal, platformName: windows, proxy: Proxy(), se:cdp: ws://localhost:60295/devtoo..., se:cdpVersion: 138.0.7204.158, setWindowRect: true, strictFileInteractability: false, timeouts: {implicit: 0, pageLoad: 300000, script: 30000}, unhandledPromptBehavior: dismiss and notify, webauthn:extension:credBlob: true, webauthn:extension:largeBlob: true, webauthn:extension:minPinLength: true, webauthn:extension:prf: true, webauthn:virtualAuthenticators: true}
Session ID: 0203d13b6b3fe542a263aa820444e35f
at java.base/jdk.internal.reflect.DirectConstructorHandleAccessor.newInstance(DirectConstructorHandleAccessor.java:62)
at java.base/java.lang.reflect.Constructor.newInstanceWithCaller(Constructor.java:502)
at java.base/java.lang.reflect.Constructor.newInstance(Constructor.java:486)
at org.openqa.selenium.remote.ErrorCodec.decode(ErrorCodec.java:167)
at org.openqa.selenium.remote.codec.w3c.W3CHttpResponseCodec.decode(W3CHttpResponseCodec.java:138)
at org.openqa.selenium.remote.codec.w3c.W3CHttpResponseCodec.decode(W3CHttpResponseCodec.java:50)
at org.openqa.selenium.remote.HttpCommandExecutor.execute(HttpCommandExecutor.java:190)
at org.openqa.selenium.remote.service.DriverCommandExecutor.invokeExecute(DriverCommandExecutor.java:216)
at org.openqa.selenium.remote.service.DriverCommandExecutor.execute(DriverCommandExecutor.java:174)
at org.openqa.selenium.remote.RemoteWebDriver.execute(RemoteWebDriver.java:518)
at org.openqa.selenium.remote.ElementLocation$ElementFinder$2.findElement(ElementLocation.java:165)
at org.openqa.selenium.remote.ElementLocation.findElement(ElementLocation.java:59)
at org.openqa.selenium.remote.RemoteWebDriver.findElement(RemoteWebDriver.java:355)
at org.openqa.selenium.remote.RemoteWebDriver.findElement(RemoteWebDriver.java:349)
at organization.CreateOrgWithIndTest.createOrgWithIndTest(CreateOrgWithIndTest.java:55)
at java.base/jdk.internal.reflect.DirectMethodHandleAccessor.invoke(DirectMethodHandleAccessor.java:103)
at java.base/java.lang.reflect.Method.invoke(Method.java:580)
at org.testng.internal.MethodInvocationHelper.invokeMethod(MethodInvocationHelper.java:133)
at org.testng.internal.TestInvoker.invokeMethod(TestInvoker.java:598)
at org.testng.internal.TestInvoker.invokeTestMethod(TestInvoker.java:173)
at org.testng.internal.MethodRunner.runInSequence(MethodRunner.java:46)
at org.testng.internal.TestInvoker$MethodInvocationAgent.invoke(TestInvoker.java:824)
at org.testng.internal.TestInvoker.invokeTestMethods(TestInvoker.java:146)
at org.testng.internal.TestMethodWorker.invokeTestMethods(TestMethodWorker.java:146)
at org.testng.internal.TestMethodWorker.run(TestMethodWorker.java:128)
at java.base/java.util.ArrayList.forEach(ArrayList.java:1596)
at org.testng.TestRunner.privateRun(TestRunner.java:794)
at org.testng.TestRunner.run(TestRunner.java:596)
at org.testng.SuiteRunner.runTest(SuiteRunner.java:377)
at org.testng.SuiteRunner.access$000(SuiteRunner.java:28)
at org.testng.SuiteRunner$SuiteWorker.run(SuiteRunner.java:418)
at org.testng.internal.thread.ThreadUtil.lambda$execute$0(ThreadUtil.java:64)
at java.base/java.util.concurrent.FutureTask.run(FutureTask.java:317)
at java.base/java.util.concurrent.ThreadPoolExecutor.runWorker(ThreadPoolExecutor.java:1144)
at java.base/java.util.concurrent.ThreadPoolExecutor$Worker.run(ThreadPoolExecutor.java:642)
at java.base/java.lang.Thread.run(Thread.java:1583)
]]>
            </full-stacktrace>
          </exception> <!-- org.openqa.selenium.NoSuchElementException -->
          <reporter-output>
          </reporter-output>
        </test-method> <!-- createOrgWithIndTest -->
        <test-method is-config="true" signature="amethod()[pri:0, instance:organization.CreateOrgWithIndTest@548d708a]" started-at="2025-07-21T14:54:41 IST" name="amethod" finished-at="2025-07-21T14:54:43 IST" duration-ms="2391" status="PASS">
          <reporter-output>
            <line>
              <![CDATA[Logout]]>
            </line>
          </reporter-output>
        </test-method> <!-- amethod -->
        <test-method is-config="true" signature="aclass()[pri:0, instance:organization.CreateOrgWithIndTest@548d708a]" started-at="2025-07-21T14:54:43 IST" name="aclass" finished-at="2025-07-21T14:54:44 IST" duration-ms="531" status="PASS">
          <reporter-output>
            <line>
              <![CDATA[close browser]]>
            </line>
          </reporter-output>
        </test-method> <!-- aclass -->
        <test-method is-config="true" signature="atest()[pri:0, instance:organization.CreateOrgWithIndTest@548d708a]" started-at="2025-07-21T14:54:44 IST" name="atest" finished-at="2025-07-21T14:54:44 IST" duration-ms="0" status="PASS">
          <reporter-output>
            <line>
              <![CDATA[Post condition]]>
            </line>
          </reporter-output>
        </test-method> <!-- atest -->
        <test-method is-config="true" signature="asuite()[pri:0, instance:organization.CreateOrgWithIndTest@548d708a]" started-at="2025-07-21T14:54:45 IST" name="asuite" finished-at="2025-07-21T14:54:45 IST" duration-ms="2" status="PASS">
          <reporter-output>
            <line>
              <![CDATA[DB close, Report backup]]>
            </line>
          </reporter-output>
        </test-method> <!-- asuite -->
      </class> <!-- organization.CreateOrgWithIndTest -->
    </test> <!-- Test2 -->
    <test started-at="2025-07-21T14:53:24 IST" name="Test1" finished-at="2025-07-21T14:54:45 IST" duration-ms="81650">
      <class name="organization.CreateOrgWithPhoneTest">
        <test-method is-config="true" signature="btest()[pri:0, instance:organization.CreateOrgWithPhoneTest@19e4653c]" started-at="2025-07-21T14:53:24 IST" name="btest" finished-at="2025-07-21T14:53:24 IST" duration-ms="0" status="PASS">
          <reporter-output>
            <line>
              <![CDATA[Pre condition]]>
            </line>
          </reporter-output>
        </test-method> <!-- btest -->
        <test-method is-config="true" signature="bclass()[pri:0, instance:organization.CreateOrgWithPhoneTest@19e4653c]" started-at="2025-07-21T14:53:24 IST" name="bclass" finished-at="2025-07-21T14:53:40 IST" duration-ms="16545" status="PASS">
          <reporter-output>
            <line>
              <![CDATA[Opening browser]]>
            </line>
          </reporter-output>
        </test-method> <!-- bclass -->
        <test-method is-config="true" signature="bmethod()[pri:0, instance:organization.CreateOrgWithPhoneTest@19e4653c]" started-at="2025-07-21T14:53:40 IST" name="bmethod" finished-at="2025-07-21T14:53:45 IST" duration-ms="4978" status="PASS">
          <reporter-output>
            <line>
              <![CDATA[Login]]>
            </line>
          </reporter-output>
        </test-method> <!-- bmethod -->
        <test-method signature="createOrgWithPhoneTest()[pri:0, instance:organization.CreateOrgWithPhoneTest@19e4653c]" started-at="2025-07-21T14:53:45 IST" name="createOrgWithPhoneTest" finished-at="2025-07-21T14:54:43 IST" duration-ms="57538" status="PASS">
          <reporter-output>
          </reporter-output>
        </test-method> <!-- createOrgWithPhoneTest -->
        <test-method is-config="true" signature="amethod()[pri:0, instance:organization.CreateOrgWithPhoneTest@19e4653c]" started-at="2025-07-21T14:54:43 IST" name="amethod" finished-at="2025-07-21T14:54:45 IST" duration-ms="1996" status="PASS">
          <reporter-output>
            <line>
              <![CDATA[Logout]]>
            </line>
          </reporter-output>
        </test-method> <!-- amethod -->
        <test-method is-config="true" signature="aclass()[pri:0, instance:organization.CreateOrgWithPhoneTest@19e4653c]" started-at="2025-07-21T14:54:45 IST" name="aclass" finished-at="2025-07-21T14:54:45 IST" duration-ms="558" status="PASS">
          <reporter-output>
            <line>
              <![CDATA[close browser]]>
            </line>
          </reporter-output>
        </test-method> <!-- aclass -->
        <test-method is-config="true" signature="atest()[pri:0, instance:organization.CreateOrgWithPhoneTest@19e4653c]" started-at="2025-07-21T14:54:45 IST" name="atest" finished-at="2025-07-21T14:54:45 IST" duration-ms="0" status="PASS">
          <reporter-output>
            <line>
              <![CDATA[Post condition]]>
            </line>
          </reporter-output>
        </test-method> <!-- atest -->
      </class> <!-- organization.CreateOrgWithPhoneTest -->
    </test> <!-- Test1 -->
  </suite> <!-- Suite -->
</testng-results>
