<?xml version="1.0" encoding="UTF-8"?>
<!-- Generated by org.testng.reporters.JUnitXMLReporter -->
<testsuite ignored="0" hostname="SoNi" failures="0" tests="3" name="Test" time="38.367" errors="0" timestamp="2025-02-12T23:45:06 IST">
  <testcase classname="organization.CreateOrgTest" name="createOrgTest" time="24.736"/>
  <testcase classname="organization.CreateOrgWithIndTest" name="createOrgWithIndTest" time="36.837"/>
  <testcase classname="organization.CreateOrgWithPhoneTest" name="createOrgWithPhoneTest" time="38.341"/>
</testsuite> <!-- Test -->
